Traceback (most recent call last):
  File "/usr/local/lib/python3.9/site-packages/jupyter_cache/executors/utils.py", line 51, in single_nb_execution
    executenb(
  File "/usr/local/lib/python3.9/site-packages/nbclient/client.py", line 1093, in execute
    return NotebookClient(nb=nb, resources=resources, km=km, **kwargs).execute()
  File "/usr/local/lib/python3.9/site-packages/nbclient/util.py", line 84, in wrapped
    return just_run(coro(*args, **kwargs))
  File "/usr/local/lib/python3.9/site-packages/nbclient/util.py", line 62, in just_run
    return loop.run_until_complete(coro)
  File "/usr/local/Cellar/python@3.9/3.9.17/Frameworks/Python.framework/Versions/3.9/lib/python3.9/asyncio/base_events.py", line 647, in run_until_complete
    return future.result()
  File "/usr/local/lib/python3.9/site-packages/nbclient/client.py", line 559, in async_execute
    await self.async_execute_cell(
  File "/usr/local/lib/python3.9/site-packages/nbclient/client.py", line 854, in async_execute_cell
    self._check_raise_for_error(cell, exec_reply)
  File "/usr/local/lib/python3.9/site-packages/nbclient/client.py", line 756, in _check_raise_for_error
    raise CellExecutionError.from_cell_and_msg(cell, exec_reply_content)
nbclient.exceptions.CellExecutionError: An error occurred while executing the following cell:
------------------
HTML("""
<video width="320" height="240" controls>
  <source src="videos/MDS.mp4" type="video/mp4">
</video>
""")
------------------

[0;31m---------------------------------------------------------------------------[0m
[0;31mNameError[0m                                 Traceback (most recent call last)
Input [0;32mIn [2][0m, in [0;36m<module>[0;34m[0m
[0;32m----> 1[0m [43mHTML[49m([38;5;124m"""[39m
[1;32m      2[0m [38;5;124m<video width=[39m[38;5;124m"[39m[38;5;124m320[39m[38;5;124m"[39m[38;5;124m height=[39m[38;5;124m"[39m[38;5;124m240[39m[38;5;124m"[39m[38;5;124m controls>[39m
[1;32m      3[0m [38;5;124m  <source src=[39m[38;5;124m"[39m[38;5;124mvideos/MDS.mp4[39m[38;5;124m"[39m[38;5;124m type=[39m[38;5;124m"[39m[38;5;124mvideo/mp4[39m[38;5;124m"[39m[38;5;124m>[39m
[1;32m      4[0m [38;5;124m</video>[39m
[1;32m      5[0m [38;5;124m"""[39m)

[0;31mNameError[0m: name 'HTML' is not defined
NameError: name 'HTML' is not defined

