Traceback (most recent call last):
  File "/usr/local/lib/python3.9/site-packages/jupyter_cache/executors/utils.py", line 51, in single_nb_execution
    executenb(
  File "/usr/local/lib/python3.9/site-packages/nbclient/client.py", line 1093, in execute
    return NotebookClient(nb=nb, resources=resources, km=km, **kwargs).execute()
  File "/usr/local/lib/python3.9/site-packages/nbclient/util.py", line 84, in wrapped
    return just_run(coro(*args, **kwargs))
  File "/usr/local/lib/python3.9/site-packages/nbclient/util.py", line 62, in just_run
    return loop.run_until_complete(coro)
  File "/usr/local/Cellar/python@3.9/3.9.17/Frameworks/Python.framework/Versions/3.9/lib/python3.9/asyncio/base_events.py", line 647, in run_until_complete
    return future.result()
  File "/usr/local/lib/python3.9/site-packages/nbclient/client.py", line 559, in async_execute
    await self.async_execute_cell(
  File "/usr/local/lib/python3.9/site-packages/nbclient/client.py", line 854, in async_execute_cell
    self._check_raise_for_error(cell, exec_reply)
  File "/usr/local/lib/python3.9/site-packages/nbclient/client.py", line 756, in _check_raise_for_error
    raise CellExecutionError.from_cell_and_msg(cell, exec_reply_content)
nbclient.exceptions.CellExecutionError: An error occurred while executing the following cell:
------------------
from sklearn.ensemble import RandomForestClassifier,VotingClassifier
from sklearn.linear_model import LogisticRegression
from sklearn.svm import SVC
from sklearn.model_selection import train_test_split
from sklearn.datasets import make_moons
import matplotlib.pyplot as plt
from matplotlib.colors import ListedColormap


def plot_decision_boundary(clf, X, y, axes=[-1.5, 2.5, -1, 1.5], alpha=0.5, contour=True):
    x1s = np.linspace(axes[0], axes[1], 100)
    x2s = np.linspace(axes[2], axes[3], 100)
    x1, x2 = np.meshgrid(x1s, x2s)
    X_new = np.c_[x1.ravel(), x2.ravel()]
    y_pred = clf.predict(X_new).reshape(x1.shape)
    mapp = ListedColormap(['#FF0000', '#00FF00'])
    plt.contourf(x1, x2, y_pred, alpha=1, cmap="Pastel2")
    if contour:
        plt.contour(x1, x2, y_pred, alpha=0.7)
    plt.scatter(X[:, 0], X[:, 1], c=y, cmap=mapp,edgecolors='k')
    plt.axis(axes)
    plt.xlabel(r"$x_1$",)
    plt.ylabel(r"$x_2$")

X, y = make_moons(n_samples=700, noise=0.30, random_state=42)
X_train, X_test, y_train, y_test = train_test_split(X, y, random_state=42)

log_clf = LogisticRegression(random_state=42,solver='lbfgs')
rnd_clf = RandomForestClassifier(random_state=42,n_estimators=100)
svm_clf = SVC(random_state=42,gamma='auto')

# On vote tout d'abord sur la majorité des labels exprimés par les classifieurs
voting1_clf = VotingClassifier(estimators=[('lr', log_clf), 
                                           ('rf', rnd_clf), 
                                           ('svc', svm_clf)],voting='hard')
voting1_clf.fit(X_train, y_train)

svm_clf = SVC(probability=True, random_state=42,gamma='auto')
# On vote ensuite sur l'argmax de la somme des probabilités prédites 
# par les classifieurs (cas de classifieurs bien calibrés).
voting2_clf = VotingClassifier(estimators=[('lr', log_clf), 
                                           ('rf', rnd_clf), 
                                           ('svc', svm_clf)],voting='soft')
voting2_clf.fit(X_train, y_train)



plt.figure(figsize=(16,6))
plt.subplot(1,2,1)
plot_decision_boundary(voting1_clf, X, y,contour=False)
plt.title("Vote par classe majoritaire", fontsize=14)
plt.subplot(1,2,2)
plot_decision_boundary(voting2_clf, X, y,contour=False)
plt.title("Vote par sommation des distributions", fontsize=14)
plt.tight_layout()
------------------

[0;31m---------------------------------------------------------------------------[0m
[0;31mNameError[0m                                 Traceback (most recent call last)
Input [0;32mIn [1][0m, in [0;36m<module>[0;34m[0m
[1;32m     48[0m plt[38;5;241m.[39mfigure(figsize[38;5;241m=[39m([38;5;241m16[39m,[38;5;241m6[39m))
[1;32m     49[0m plt[38;5;241m.[39msubplot([38;5;241m1[39m,[38;5;241m2[39m,[38;5;241m1[39m)
[0;32m---> 50[0m [43mplot_decision_boundary[49m[43m([49m[43mvoting1_clf[49m[43m,[49m[43m [49m[43mX[49m[43m,[49m[43m [49m[43my[49m[43m,[49m[43mcontour[49m[38;5;241;43m=[39;49m[38;5;28;43;01mFalse[39;49;00m[43m)[49m
[1;32m     51[0m plt[38;5;241m.[39mtitle([38;5;124m"[39m[38;5;124mVote par classe majoritaire[39m[38;5;124m"[39m, fontsize[38;5;241m=[39m[38;5;241m14[39m)
[1;32m     52[0m plt[38;5;241m.[39msubplot([38;5;241m1[39m,[38;5;241m2[39m,[38;5;241m2[39m)

Input [0;32mIn [1][0m, in [0;36mplot_decision_boundary[0;34m(clf, X, y, axes, alpha, contour)[0m
[1;32m     10[0m [38;5;28;01mdef[39;00m [38;5;21mplot_decision_boundary[39m(clf, X, y, axes[38;5;241m=[39m[[38;5;241m-[39m[38;5;241m1.5[39m, [38;5;241m2.5[39m, [38;5;241m-[39m[38;5;241m1[39m, [38;5;241m1.5[39m], alpha[38;5;241m=[39m[38;5;241m0.5[39m, contour[38;5;241m=[39m[38;5;28;01mTrue[39;00m):
[0;32m---> 11[0m     x1s [38;5;241m=[39m [43mnp[49m[38;5;241m.[39mlinspace(axes[[38;5;241m0[39m], axes[[38;5;241m1[39m], [38;5;241m100[39m)
[1;32m     12[0m     x2s [38;5;241m=[39m np[38;5;241m.[39mlinspace(axes[[38;5;241m2[39m], axes[[38;5;241m3[39m], [38;5;241m100[39m)
[1;32m     13[0m     x1, x2 [38;5;241m=[39m np[38;5;241m.[39mmeshgrid(x1s, x2s)

[0;31mNameError[0m: name 'np' is not defined
NameError: name 'np' is not defined

